<?xml version="1.0" encoding="UTF-8"?>
<testsuite xmlns:xsi="http://www.w3.org/2001/XMLSchema-instance" xsi:noNamespaceSchemaLocation="https://maven.apache.org/surefire/maven-surefire-plugin/xsd/surefire-test-report.xsd" name="com.texoit.worstfilms.service.FilmServiceIntegrationTest" time="0.439" tests="2" errors="0" skipped="0" failures="0">
  <properties>
[...]
</properties>
  <testcase name="testSomeImportedData" classname="com.texoit.worstfilms.service.FilmServiceIntegrationTest" time="0.331"/>
  <testcase name="testSizeOfIimportedData" classname="com.texoit.worstfilms.service.FilmServiceIntegrationTest" time="0.105"/>
</testsuite>